#
# There is insufficient memory for the Java Runtime Environment to continue.
# Native memory allocation (malloc) failed to allocate 310416 bytes for Chunk::new
# Possible reasons:
#   The system is out of physical RAM or swap space
#   In 32 bit mode, the process size limit was hit
# Possible solutions:
#   Reduce memory load on the system
#   Increase physical memory or swap space
#   Check if swap backing store is full
#   Use 64 bit Java on a 64 bit OS
#   Decrease Java heap size (-Xmx/-Xms)
#   Decrease number of Java threads
#   Decrease Java thread stack sizes (-Xss)
#   Set larger code cache with -XX:ReservedCodeCacheSize=
# This output file may be truncated or incomplete.
#
#  Out of Memory Error (allocation.cpp:390), pid=32852, tid=0x00000000000032f8
#
# JRE version: Java(TM) SE Runtime Environment (8.0_111-b14) (build 1.8.0_111-b14)
# Java VM: Java HotSpot(TM) 64-Bit Server VM (25.111-b14 mixed mode windows-amd64 compressed oops)
# Failed to write core dump. Minidumps are not enabled by default on client versions of Windows
#

---------------  T H R E A D  ---------------

Current thread (0x00000000197a0800):  JavaThread "C2 CompilerThread1" daemon [_thread_in_native, id=13048, stack(0x0000000019ac0000,0x0000000019bc0000)]

Stack: [0x0000000019ac0000,0x0000000019bc0000]
[error occurred during error reporting (printing stack bounds), id 0xc0000005]

Native frames: (J=compiled Java code, j=interpreted, Vv=VM code, C=native code)


Current CompileTask:
C2: 287043 5366       4       sun.invoke.util.BytecodeDescriptor::unparseSig (75 bytes)


---------------  P R O C E S S  ---------------

Java Threads: ( => current thread )
  0x000000001a009800 JavaThread "kafka-admin-client-thread | adminclient-9" daemon [_thread_new, id=17576, stack(0x0000000000000000,0x0000000000000000)]
  0x000000001a008800 JavaThread "kafka-admin-client-thread | adminclient-8" daemon [_thread_in_native, id=26608, stack(0x0000000001470000,0x0000000001570000)]
  0x000000001a004800 JavaThread "scheduling-1" [_thread_blocked, id=27412, stack(0x0000000001270000,0x0000000001370000)]
  0x000000001f73d800 JavaThread "File Watcher" daemon [_thread_blocked, id=11512, stack(0x0000000021810000,0x0000000021910000)]
  0x0000000019ff1000 JavaThread "container-0" [_thread_blocked, id=32812, stack(0x0000000020510000,0x0000000020610000)]
  0x00000000198b9000 JavaThread "Catalina-utility-2" [_thread_blocked, id=30056, stack(0x000000001dc10000,0x000000001dd10000)]
  0x000000001eb0b000 JavaThread "Catalina-utility-1" [_thread_blocked, id=3820, stack(0x000000001c140000,0x000000001c240000)]
  0x000000001aa07800 JavaThread "restartedMain" [_thread_blocked, id=21304, stack(0x000000001b900000,0x000000001ba00000)]
  0x000000001a25d000 JavaThread "Thread-0" [_thread_blocked, id=24744, stack(0x000000001b800000,0x000000001b900000)]
  0x000000001985e000 JavaThread "Service Thread" daemon [_thread_blocked, id=3028, stack(0x0000000019cc0000,0x0000000019dc0000)]
  0x00000000197a4800 JavaThread "C1 CompilerThread2" daemon [_thread_blocked, id=31556, stack(0x0000000019bc0000,0x0000000019cc0000)]
=>0x00000000197a0800 JavaThread "C2 CompilerThread1" daemon [_thread_in_native, id=13048, stack(0x0000000019ac0000,0x0000000019bc0000)]
  0x000000001979e000 JavaThread "C2 CompilerThread0" daemon [_thread_blocked, id=2232, stack(0x00000000199c0000,0x0000000019ac0000)]
  0x0000000019782000 JavaThread "Monitor Ctrl-Break" daemon [_thread_in_native, id=10304, stack(0x00000000198c0000,0x00000000199c0000)]
  0x0000000017e5d000 JavaThread "Attach Listener" daemon [_thread_blocked, id=4616, stack(0x00000000193c0000,0x00000000194c0000)]
  0x0000000017e59800 JavaThread "Signal Dispatcher" daemon [_thread_blocked, id=2604, stack(0x00000000192c0000,0x00000000193c0000)]
  0x0000000017e02000 JavaThread "Finalizer" daemon [_thread_blocked, id=18968, stack(0x0000000019090000,0x0000000019190000)]
  0x00000000032da800 JavaThread "Reference Handler" daemon [_thread_blocked, id=32184, stack(0x0000000018f90000,0x0000000019090000)]
  0x00000000031e6000 JavaThread "main" [_thread_blocked, id=17736, stack(0x0000000002f10000,0x0000000003010000)]

Other Threads:
  0x0000000017df8000 VMThread [stack: 0x0000000018e90000,0x0000000018f90000] [id=18816]
  0x0000000019dde000 WatcherThread [stack: 0x000000001a5c0000,0x000000001a6c0000] [id=19008]

VM state:not at safepoint (normal execution)

VM Mutex/Monitor currently owned by a thread: None

Heap:
 PSYoungGen      total 140288K, used 112310K [0x00000000d5d80000, 0x00000000e1b00000, 0x0000000100000000)
  eden space 129536K, 78% used [0x00000000d5d80000,0x00000000dc0af880,0x00000000ddc00000)
  from space 10752K, 99% used [0x00000000ddc00000,0x00000000de67e320,0x00000000de680000)
  to   space 12288K, 0% used [0x00000000e0f00000,0x00000000e0f00000,0x00000000e1b00000)
 ParOldGen       total 91136K, used 12441K [0x0000000081800000, 0x0000000087100000, 0x00000000d5d80000)
  object space 91136K, 13% used [0x0000000081800000,0x00000000824266f8,0x0000000087100000)
 Metaspace       used 47309K, capacity 50714K, committed 50944K, reserved 1093632K
  class space    used 6325K, capacity 6871K, committed 6912K, reserved 1048576K

Card table byte_map: [0x00000000126a0000,0x0000000012aa0000] byte_map_base: 0x0000000012294000

Marking Bits: (ParMarkBitMap*) 0x000000006c25a6c0
 Begin Bits: [0x0000000013150000, 0x00000000150f0000)
 End Bits:   [0x00000000150f0000, 0x0000000017090000)

Polling page: 0x0000000001090000

CodeCache: size=245760Kb used=15234Kb max_used=15234Kb free=230525Kb
 bounds [0x00000000032e0000, 0x00000000041e0000, 0x00000000122e0000]
 total_blobs=5148 nmethods=4664 adapters=396
 compilation: enabled

Compilation events (10 events):
Event: 287.031 Thread 0x00000000197a4800 5374       3       ch.qos.logback.classic.pattern.TargetLengthBasedClassNameAbbreviator::abbreviate (154 bytes)
Event: 287.033 Thread 0x00000000197a4800 nmethod 5374 0x00000000041d2cd0 code [0x00000000041d2f20, 0x00000000041d3d78]
Event: 287.033 Thread 0x00000000197a4800 5375       1       java.io.OutputStream::flush (1 bytes)
Event: 287.033 Thread 0x00000000197a4800 nmethod 5375 0x0000000003c65d90 code [0x0000000003c65ee0, 0x0000000003c65ff0]
Event: 287.033 Thread 0x00000000197a4800 5372       3       java.text.DecimalFormatSymbols::getInstance (37 bytes)
Event: 287.033 Thread 0x00000000197a4800 nmethod 5372 0x0000000003653a50 code [0x0000000003653c00, 0x0000000003654128]
Event: 287.033 Thread 0x00000000197a4800 5376       3       org.apache.kafka.common.metrics.Metrics::metricName (38 bytes)
Event: 287.034 Thread 0x00000000197a4800 nmethod 5376 0x00000000038644d0 code [0x0000000003864680, 0x0000000003864d28]
Event: 287.034 Thread 0x00000000197a4800 5377       3       org.apache.kafka.common.MetricName::<init> (55 bytes)
Event: 287.035 Thread 0x00000000197a4800 nmethod 5377 0x0000000003752710 code [0x00000000037528e0, 0x0000000003753038]

GC Heap History (10 events):
Event: 6.501 GC heap before
{Heap before GC invocations=7 (full 1):
 PSYoungGen      total 71680K, used 66560K [0x00000000d5d80000, 0x00000000def80000, 0x0000000100000000)
  eden space 66560K, 100% used [0x00000000d5d80000,0x00000000d9e80000,0x00000000d9e80000)
  from space 5120K, 0% used [0x00000000d9e80000,0x00000000d9e80000,0x00000000da380000)
  to   space 8192K, 0% used [0x00000000de780000,0x00000000de780000,0x00000000def80000)
 ParOldGen       total 61952K, used 6857K [0x0000000081800000, 0x0000000085480000, 0x00000000d5d80000)
  object space 61952K, 11% used [0x0000000081800000,0x0000000081eb2668,0x0000000085480000)
 Metaspace       used 24611K, capacity 25864K, committed 25984K, reserved 1071104K
  class space    used 3186K, capacity 3440K, committed 3456K, reserved 1048576K
Event: 6.515 GC heap after
Heap after GC invocations=7 (full 1):
 PSYoungGen      total 99840K, used 7331K [0x00000000d5d80000, 0x00000000def00000, 0x0000000100000000)
  eden space 92160K, 0% used [0x00000000d5d80000,0x00000000d5d80000,0x00000000db780000)
  from space 7680K, 95% used [0x00000000de780000,0x00000000deea8df0,0x00000000def00000)
  to   space 8704K, 0% used [0x00000000dde00000,0x00000000dde00000,0x00000000de680000)
 ParOldGen       total 61952K, used 6865K [0x0000000081800000, 0x0000000085480000, 0x00000000d5d80000)
  object space 61952K, 11% used [0x0000000081800000,0x0000000081eb4668,0x0000000085480000)
 Metaspace       used 24611K, capacity 25864K, committed 25984K, reserved 1071104K
  class space    used 3186K, capacity 3440K, committed 3456K, reserved 1048576K
}
Event: 10.674 GC heap before
{Heap before GC invocations=8 (full 1):
 PSYoungGen      total 99840K, used 99491K [0x00000000d5d80000, 0x00000000def00000, 0x0000000100000000)
  eden space 92160K, 100% used [0x00000000d5d80000,0x00000000db780000,0x00000000db780000)
  from space 7680K, 95% used [0x00000000de780000,0x00000000deea8df0,0x00000000def00000)
  to   space 8704K, 0% used [0x00000000dde00000,0x00000000dde00000,0x00000000de680000)
 ParOldGen       total 61952K, used 6865K [0x0000000081800000, 0x0000000085480000, 0x00000000d5d80000)
  object space 61952K, 11% used [0x0000000081800000,0x0000000081eb4668,0x0000000085480000)
 Metaspace       used 33059K, capacity 34990K, committed 35200K, reserved 1079296K
  class space    used 4303K, capacity 4648K, committed 4736K, reserved 1048576K
Event: 10.696 GC heap after
Heap after GC invocations=8 (full 1):
 PSYoungGen      total 131584K, used 8679K [0x00000000d5d80000, 0x00000000deb80000, 0x0000000100000000)
  eden space 122880K, 0% used [0x00000000d5d80000,0x00000000d5d80000,0x00000000dd580000)
  from space 8704K, 99% used [0x00000000dde00000,0x00000000de679f28,0x00000000de680000)
  to   space 5120K, 0% used [0x00000000de680000,0x00000000de680000,0x00000000deb80000)
 ParOldGen       total 61952K, used 10504K [0x0000000081800000, 0x0000000085480000, 0x00000000d5d80000)
  object space 61952K, 16% used [0x0000000081800000,0x0000000082242078,0x0000000085480000)
 Metaspace       used 33059K, capacity 34990K, committed 35200K, reserved 1079296K
  class space    used 4303K, capacity 4648K, committed 4736K, reserved 1048576K
}
Event: 10.832 GC heap before
{Heap before GC invocations=9 (full 1):
 PSYoungGen      total 131584K, used 17685K [0x00000000d5d80000, 0x00000000deb80000, 0x0000000100000000)
  eden space 122880K, 7% used [0x00000000d5d80000,0x00000000d664b8b0,0x00000000dd580000)
  from space 8704K, 99% used [0x00000000dde00000,0x00000000de679f28,0x00000000de680000)
  to   space 5120K, 0% used [0x00000000de680000,0x00000000de680000,0x00000000deb80000)
 ParOldGen       total 61952K, used 10504K [0x0000000081800000, 0x0000000085480000, 0x00000000d5d80000)
  object space 61952K, 16% used [0x0000000081800000,0x0000000082242078,0x0000000085480000)
 Metaspace       used 33539K, capacity 35414K, committed 35456K, reserved 1079296K
  class space    used 4364K, capacity 4720K, committed 4736K, reserved 1048576K
Event: 10.847 GC heap after
Heap after GC invocations=9 (full 1):
 PSYoungGen      total 134656K, used 5108K [0x00000000d5d80000, 0x00000000e2680000, 0x0000000100000000)
  eden space 129536K, 0% used [0x00000000d5d80000,0x00000000d5d80000,0x00000000ddc00000)
  from space 5120K, 99% used [0x00000000de680000,0x00000000deb7d030,0x00000000deb80000)
  to   space 10752K, 0% used [0x00000000ddc00000,0x00000000ddc00000,0x00000000de680000)
 ParOldGen       total 61952K, used 12703K [0x0000000081800000, 0x0000000085480000, 0x00000000d5d80000)
  object space 61952K, 20% used [0x0000000081800000,0x0000000082467da8,0x0000000085480000)
 Metaspace       used 33539K, capacity 35414K, committed 35456K, reserved 1079296K
  class space    used 4364K, capacity 4720K, committed 4736K, reserved 1048576K
}
Event: 10.847 GC heap before
{Heap before GC invocations=10 (full 2):
 PSYoungGen      total 134656K, used 5108K [0x00000000d5d80000, 0x00000000e2680000, 0x0000000100000000)
  eden space 129536K, 0% used [0x00000000d5d80000,0x00000000d5d80000,0x00000000ddc00000)
  from space 5120K, 99% used [0x00000000de680000,0x00000000deb7d030,0x00000000deb80000)
  to   space 10752K, 0% used [0x00000000ddc00000,0x00000000ddc00000,0x00000000de680000)
 ParOldGen       total 61952K, used 12703K [0x0000000081800000, 0x0000000085480000, 0x00000000d5d80000)
  object space 61952K, 20% used [0x0000000081800000,0x0000000082467da8,0x0000000085480000)
 Metaspace       used 33539K, capacity 35414K, committed 35456K, reserved 1079296K
  class space    used 4364K, capacity 4720K, committed 4736K, reserved 1048576K
Event: 10.979 GC heap after
Heap after GC invocations=10 (full 2):
 PSYoungGen      total 134656K, used 0K [0x00000000d5d80000, 0x00000000e2680000, 0x0000000100000000)
  eden space 129536K, 0% used [0x00000000d5d80000,0x00000000d5d80000,0x00000000ddc00000)
  from space 5120K, 0% used [0x00000000de680000,0x00000000de680000,0x00000000deb80000)
  to   space 10752K, 0% used [0x00000000ddc00000,0x00000000ddc00000,0x00000000de680000)
 ParOldGen       total 91136K, used 11537K [0x0000000081800000, 0x0000000087100000, 0x00000000d5d80000)
  object space 91136K, 12% used [0x0000000081800000,0x0000000082344488,0x0000000087100000)
 Metaspace       used 33539K, capacity 35414K, committed 35456K, reserved 1079296K
  class space    used 4364K, capacity 4720K, committed 4736K, reserved 1048576K
}
Event: 13.820 GC heap before
{Heap before GC invocations=11 (full 2):
 PSYoungGen      total 134656K, used 129536K [0x00000000d5d80000, 0x00000000e2680000, 0x0000000100000000)
  eden space 129536K, 100% used [0x00000000d5d80000,0x00000000ddc00000,0x00000000ddc00000)
  from space 5120K, 0% used [0x00000000de680000,0x00000000de680000,0x00000000deb80000)
  to   space 10752K, 0% used [0x00000000ddc00000,0x00000000ddc00000,0x00000000de680000)
 ParOldGen       total 91136K, used 11537K [0x0000000081800000, 0x0000000087100000, 0x00000000d5d80000)
  object space 91136K, 12% used [0x0000000081800000,0x0000000082344488,0x0000000087100000)
 Metaspace       used 41092K, capacity 44062K, committed 44160K, reserved 1087488K
  class space    used 5502K, capacity 5998K, committed 6016K, reserved 1048576K
Event: 13.839 GC heap after
Heap after GC invocations=11 (full 2):
 PSYoungGen      total 140288K, used 10744K [0x00000000d5d80000, 0x00000000e1b00000, 0x0000000100000000)
  eden space 129536K, 0% used [0x00000000d5d80000,0x00000000d5d80000,0x00000000ddc00000)
  from space 10752K, 99% used [0x00000000ddc00000,0x00000000de67e320,0x00000000de680000)
  to   space 12288K, 0% used [0x00000000e0f00000,0x00000000e0f00000,0x00000000e1b00000)
 ParOldGen       total 91136K, used 12441K [0x0000000081800000, 0x0000000087100000, 0x00000000d5d80000)
  object space 91136K, 13% used [0x0000000081800000,0x00000000824266f8,0x0000000087100000)
 Metaspace       used 41092K, capacity 44062K, committed 44160K, reserved 1087488K
  class space    used 5502K, capacity 5998K, committed 6016K, reserved 1048576K
}

Deoptimization events (10 events):
Event: 75.803 Thread 0x000000001aa07800 Uncommon trap: reason=unstable_if action=reinterpret pc=0x0000000003c14be8 method=java.lang.String$CaseInsensitiveComparator.compare(Ljava/lang/String;Ljava/lang/String;)I @ 49
Event: 75.805 Thread 0x000000001aa07800 Uncommon trap: reason=unstable_if action=reinterpret pc=0x0000000003aff2d0 method=java.lang.String$CaseInsensitiveComparator.compare(Ljava/lang/String;Ljava/lang/String;)I @ 49
Event: 75.816 Thread 0x000000001aa07800 Uncommon trap: reason=unstable_if action=reinterpret pc=0x0000000003f69918 method=java.util.HashMap$HashIterator.<init>(Ljava/util/HashMap;)V @ 45
Event: 135.827 Thread 0x000000001aa07800 Uncommon trap: reason=unstable_if action=reinterpret pc=0x000000000352ca10 method=java.lang.AbstractStringBuilder.append(Ljava/lang/String;)Ljava/lang/AbstractStringBuilder; @ 1
Event: 196.045 Thread 0x000000001aa07800 Uncommon trap: reason=unstable_if action=reinterpret pc=0x0000000003f9d200 method=java.util.HashMap$KeySpliterator.forEachRemaining(Ljava/util/function/Consumer;)V @ 75
Event: 202.004 Thread 0x000000001a009800 Uncommon trap: reason=class_check action=maybe_recompile pc=0x00000000041562f4 method=java.util.stream.AbstractPipeline.wrapAndCopyInto(Ljava/util/stream/Sink;Ljava/util/Spliterator;)Ljava/util/stream/Sink; @ 6
Event: 202.454 Thread 0x000000001a007000 Uncommon trap: reason=class_check action=maybe_recompile pc=0x00000000041562f4 method=java.util.stream.AbstractPipeline.wrapAndCopyInto(Ljava/util/stream/Sink;Ljava/util/Spliterator;)Ljava/util/stream/Sink; @ 6
Event: 204.698 Thread 0x000000001a007000 Uncommon trap: reason=class_check action=maybe_recompile pc=0x00000000041562f4 method=java.util.stream.AbstractPipeline.wrapAndCopyInto(Ljava/util/stream/Sink;Ljava/util/Spliterator;)Ljava/util/stream/Sink; @ 6
Event: 205.228 Thread 0x000000001a009800 Uncommon trap: reason=class_check action=maybe_recompile pc=0x00000000041562f4 method=java.util.stream.AbstractPipeline.wrapAndCopyInto(Ljava/util/stream/Sink;Ljava/util/Spliterator;)Ljava/util/stream/Sink; @ 6
Event: 286.970 Thread 0x000000001a004800 Uncommon trap: reason=unstable_if action=reinterpret pc=0x00000000039bfe88 method=org.springframework.util.ObjectUtils.nullSafeEquals(Ljava/lang/Object;Ljava/lang/Object;)Z @ 12

Internal exceptions (10 events):
Event: 273.159 Thread 0x000000001a008800 Exception <a 'java/net/ConnectException': Connection refused: no further information> (0x00000000dbcd09d0) thrown at [C:\re\workspace\8-2-build-windows-amd64-cygwin\jdk8u111\7883\hotspot\src\share\vm\prims\jni.cpp, line 735]
Event: 274.100 Thread 0x000000001a004000 Exception <a 'java/net/ConnectException': Connection refused: no further information> (0x00000000dbd54498) thrown at [C:\re\workspace\8-2-build-windows-amd64-cygwin\jdk8u111\7883\hotspot\src\share\vm\prims\jni.cpp, line 735]
Event: 276.405 Thread 0x000000001a008800 Exception <a 'java/net/ConnectException': Connection refused: no further information> (0x00000000dbcddd70) thrown at [C:\re\workspace\8-2-build-windows-amd64-cygwin\jdk8u111\7883\hotspot\src\share\vm\prims\jni.cpp, line 735]
Event: 277.010 Thread 0x000000001a004000 Exception <a 'java/net/ConnectException': Connection refused: no further information> (0x00000000dbd61058) thrown at [C:\re\workspace\8-2-build-windows-amd64-cygwin\jdk8u111\7883\hotspot\src\share\vm\prims\jni.cpp, line 735]
Event: 279.727 Thread 0x000000001a008800 Exception <a 'java/net/ConnectException': Connection refused: no further information> (0x00000000dbceb618) thrown at [C:\re\workspace\8-2-build-windows-amd64-cygwin\jdk8u111\7883\hotspot\src\share\vm\prims\jni.cpp, line 735]
Event: 280.376 Thread 0x000000001a004000 Exception <a 'java/net/ConnectException': Connection refused: no further information> (0x00000000dbd6ed48) thrown at [C:\re\workspace\8-2-build-windows-amd64-cygwin\jdk8u111\7883\hotspot\src\share\vm\prims\jni.cpp, line 735]
Event: 282.941 Thread 0x000000001a008800 Exception <a 'java/net/ConnectException': Connection refused: no further information> (0x00000000dbcf89f0) thrown at [C:\re\workspace\8-2-build-windows-amd64-cygwin\jdk8u111\7883\hotspot\src\share\vm\prims\jni.cpp, line 735]
Event: 283.688 Thread 0x000000001a004000 Exception <a 'java/net/ConnectException': Connection refused: no further information> (0x00000000dbd7d068) thrown at [C:\re\workspace\8-2-build-windows-amd64-cygwin\jdk8u111\7883\hotspot\src\share\vm\prims\jni.cpp, line 735]
Event: 286.486 Thread 0x000000001a008800 Exception <a 'java/net/ConnectException': Connection refused: no further information> (0x00000000dbd0b110) thrown at [C:\re\workspace\8-2-build-windows-amd64-cygwin\jdk8u111\7883\hotspot\src\share\vm\prims\jni.cpp, line 735]
Event: 286.970 Thread 0x000000001a004800 Implicit null exception at 0x00000000039bfdbd to 0x00000000039bfe73

Events (10 events):
Event: 287.020 loading class org/springframework/integration/handler/LoggingHandler$1
Event: 287.020 loading class org/springframework/integration/handler/LoggingHandler$1 done
Event: 287.021 loading class java/lang/Throwable$WrappedPrintWriter
Event: 287.022 loading class java/lang/Throwable$PrintStreamOrWriter
Event: 287.022 loading class java/lang/Throwable$PrintStreamOrWriter done
Event: 287.022 loading class java/lang/Throwable$WrappedPrintWriter done
Event: 287.024 Thread 0x00000000197a4800 flushing nmethod 0x0000000003c65c90
Event: 287.029 Thread 0x00000000197a4800 flushing nmethod 0x0000000004020e10
Event: 287.030 Thread 0x00000000197a4800 flushing nmethod 0x0000000004066ad0
Event: 287.033 Thread 0x000000001a009800 Thread added: 0x000000001a009800


Dynamic libraries:
0x00007ff7e77c0000 - 0x00007ff7e77f7000 	C:\Program Files\Java\jdk1.8.0_111\bin\java.exe
0x00007ff8f49f0000 - 0x00007ff8f4be5000 	C:\WINDOWS\SYSTEM32\ntdll.dll
0x00007ff8f2e60000 - 0x00007ff8f2f1d000 	C:\WINDOWS\System32\KERNEL32.DLL
0x00007ff8f2100000 - 0x00007ff8f23cd000 	C:\WINDOWS\System32\KERNELBASE.dll
0x00007ff8f3f90000 - 0x00007ff8f403e000 	C:\WINDOWS\System32\ADVAPI32.dll
0x00007ff8f3050000 - 0x00007ff8f30ee000 	C:\WINDOWS\System32\msvcrt.dll
0x00007ff8f3710000 - 0x00007ff8f37ac000 	C:\WINDOWS\System32\sechost.dll
0x00007ff8f3be0000 - 0x00007ff8f3d05000 	C:\WINDOWS\System32\RPCRT4.dll
0x00007ff8f30f0000 - 0x00007ff8f3290000 	C:\WINDOWS\System32\USER32.dll
0x00007ff8f2630000 - 0x00007ff8f2652000 	C:\WINDOWS\System32\win32u.dll
0x00007ff8f3960000 - 0x00007ff8f398a000 	C:\WINDOWS\System32\GDI32.dll
0x00007ff8f2710000 - 0x00007ff8f281b000 	C:\WINDOWS\System32\gdi32full.dll
0x00007ff8f28a0000 - 0x00007ff8f293d000 	C:\WINDOWS\System32\msvcp_win.dll
0x00007ff8f23d0000 - 0x00007ff8f24d0000 	C:\WINDOWS\System32\ucrtbase.dll
0x00007ff8dbbb0000 - 0x00007ff8dbe4a000 	C:\WINDOWS\WinSxS\amd64_microsoft.windows.common-controls_6595b64144ccf1df_6.0.19041.1110_none_60b5254171f9507e\COMCTL32.dll
0x00007ff8f4050000 - 0x00007ff8f4080000 	C:\WINDOWS\System32\IMM32.DLL
0x000000006c2e0000 - 0x000000006c3b2000 	C:\Program Files\Java\jdk1.8.0_111\jre\bin\msvcr100.dll
0x000000006ba40000 - 0x000000006c2da000 	C:\Program Files\Java\jdk1.8.0_111\jre\bin\server\jvm.dll
0x00007ff8f4040000 - 0x00007ff8f4048000 	C:\WINDOWS\System32\PSAPI.DLL
0x00007ff8d8c20000 - 0x00007ff8d8c29000 	C:\WINDOWS\SYSTEM32\WSOCK32.dll
0x00007ff8f3b70000 - 0x00007ff8f3bdb000 	C:\WINDOWS\System32\WS2_32.dll
0x00007ff8ddaa0000 - 0x00007ff8ddac7000 	C:\WINDOWS\SYSTEM32\WINMM.dll
0x00007ff8e4390000 - 0x00007ff8e439a000 	C:\WINDOWS\SYSTEM32\VERSION.dll
0x000000006ba30000 - 0x000000006ba3f000 	C:\Program Files\Java\jdk1.8.0_111\jre\bin\verify.dll
0x000000006ba00000 - 0x000000006ba29000 	C:\Program Files\Java\jdk1.8.0_111\jre\bin\java.dll
0x000000006b970000 - 0x000000006b993000 	C:\Program Files\Java\jdk1.8.0_111\jre\bin\instrument.dll
0x000000006b9e0000 - 0x000000006b9f6000 	C:\Program Files\Java\jdk1.8.0_111\jre\bin\zip.dll
0x00007ff8f4130000 - 0x00007ff8f4874000 	C:\WINDOWS\System32\SHELL32.dll
0x00007ff8f01c0000 - 0x00007ff8f0954000 	C:\WINDOWS\SYSTEM32\windows.storage.dll
0x00007ff8f2a50000 - 0x00007ff8f2da4000 	C:\WINDOWS\System32\combase.dll
0x00007ff8f1a80000 - 0x00007ff8f1aac000 	C:\WINDOWS\SYSTEM32\Wldp.dll
0x00007ff8f4080000 - 0x00007ff8f412d000 	C:\WINDOWS\System32\SHCORE.dll
0x00007ff8f2f20000 - 0x00007ff8f2f75000 	C:\WINDOWS\System32\shlwapi.dll
0x00007ff8f2040000 - 0x00007ff8f205f000 	C:\WINDOWS\SYSTEM32\profapi.dll
0x00007ff8ec1f0000 - 0x00007ff8ec20a000 	C:\Program Files\JetBrains\IntelliJ IDEA Community Edition 2021.3.3\bin\breakgen64.dll
0x000000006b9c0000 - 0x000000006b9da000 	C:\Program Files\Java\jdk1.8.0_111\jre\bin\net.dll
0x00007ff8f1860000 - 0x00007ff8f18ca000 	C:\WINDOWS\system32\mswsock.dll
0x000000006b960000 - 0x000000006b96d000 	C:\Program Files\Java\jdk1.8.0_111\jre\bin\management.dll
0x00007ff8d8490000 - 0x00007ff8d84a7000 	C:\WINDOWS\system32\napinsp.dll
0x00007ff8d8470000 - 0x00007ff8d848b000 	C:\WINDOWS\system32\pnrpnsp.dll
0x00007ff8ec7d0000 - 0x00007ff8ec7e5000 	C:\WINDOWS\system32\wshbth.dll
0x00007ff8ed1a0000 - 0x00007ff8ed1bd000 	C:\WINDOWS\system32\NLAapi.dll
0x00007ff8f1520000 - 0x00007ff8f155b000 	C:\WINDOWS\SYSTEM32\IPHLPAPI.DLL
0x00007ff8f1570000 - 0x00007ff8f163b000 	C:\WINDOWS\SYSTEM32\DNSAPI.dll
0x00007ff8f2a40000 - 0x00007ff8f2a48000 	C:\WINDOWS\System32\NSI.dll
0x00007ff8d83d0000 - 0x00007ff8d83e2000 	C:\WINDOWS\System32\winrnr.dll
0x00007ff8dd5e0000 - 0x00007ff8dd5ea000 	C:\Windows\System32\rasadhlp.dll
0x00007ff8e4e60000 - 0x00007ff8e4ee0000 	C:\WINDOWS\System32\fwpuclnt.dll
0x00007ff8f2870000 - 0x00007ff8f2897000 	C:\WINDOWS\System32\bcrypt.dll
0x000000006b9a0000 - 0x000000006b9b1000 	C:\Program Files\Java\jdk1.8.0_111\jre\bin\nio.dll
0x00007ff8f1dc0000 - 0x00007ff8f1dd8000 	C:\WINDOWS\SYSTEM32\CRYPTSP.dll
0x00007ff8f1190000 - 0x00007ff8f11c4000 	C:\WINDOWS\system32\rsaenh.dll
0x00007ff8f1fc0000 - 0x00007ff8f1fee000 	C:\WINDOWS\SYSTEM32\USERENV.dll
0x00007ff8f2940000 - 0x00007ff8f29c2000 	C:\WINDOWS\System32\bcryptprimitives.dll
0x00007ff8f19f0000 - 0x00007ff8f19fc000 	C:\WINDOWS\SYSTEM32\CRYPTBASE.dll
0x00007ff8e9350000 - 0x00007ff8e9367000 	C:\WINDOWS\SYSTEM32\dhcpcsvc6.DLL
0x00007ff8e9ed0000 - 0x00007ff8e9eed000 	C:\WINDOWS\SYSTEM32\dhcpcsvc.DLL
0x000000006b930000 - 0x000000006b954000 	C:\Program Files\Java\jdk1.8.0_111\jre\bin\sunec.dll
0x000000006b920000 - 0x000000006b92b000 	C:\Program Files\Java\jdk1.8.0_111\jre\bin\sunmscapi.dll
0x00007ff8f24d0000 - 0x00007ff8f2626000 	C:\WINDOWS\System32\CRYPT32.dll

VM Arguments:
jvm_args: -javaagent:C:\Program Files\JetBrains\IntelliJ IDEA Community Edition 2021.3.3\lib\idea_rt.jar=10257:C:\Program Files\JetBrains\IntelliJ IDEA Community Edition 2021.3.3\bin -Dfile.encoding=UTF-8 
java_command: com.example.demo.KafkaApplication
java_class_path (initial): C:\Program Files\Java\jdk1.8.0_111\jre\lib\charsets.jar;C:\Program Files\Java\jdk1.8.0_111\jre\lib\deploy.jar;C:\Program Files\Java\jdk1.8.0_111\jre\lib\ext\access-bridge-64.jar;C:\Program Files\Java\jdk1.8.0_111\jre\lib\ext\cldrdata.jar;C:\Program Files\Java\jdk1.8.0_111\jre\lib\ext\dnsns.jar;C:\Program Files\Java\jdk1.8.0_111\jre\lib\ext\jaccess.jar;C:\Program Files\Java\jdk1.8.0_111\jre\lib\ext\jfxrt.jar;C:\Program Files\Java\jdk1.8.0_111\jre\lib\ext\localedata.jar;C:\Program Files\Java\jdk1.8.0_111\jre\lib\ext\nashorn.jar;C:\Program Files\Java\jdk1.8.0_111\jre\lib\ext\sunec.jar;C:\Program Files\Java\jdk1.8.0_111\jre\lib\ext\sunjce_provider.jar;C:\Program Files\Java\jdk1.8.0_111\jre\lib\ext\sunmscapi.jar;C:\Program Files\Java\jdk1.8.0_111\jre\lib\ext\sunpkcs11.jar;C:\Program Files\Java\jdk1.8.0_111\jre\lib\ext\zipfs.jar;C:\Program Files\Java\jdk1.8.0_111\jre\lib\javaws.jar;C:\Program Files\Java\jdk1.8.0_111\jre\lib\jce.jar;C:\Program Files\Java\jdk1.8.0_111\jre\lib\jfr.jar;C:\Program Files\Java\jdk1.8.0_111\jre\lib\jfxswt.jar;C:\Program Files\Java\jdk1.8.0_111\jre\lib\jsse.jar;C:\Program Files\Java\jdk1.8.0_111\jre\lib\management-agent.jar;C:\Program Files\Java\jdk1.8.0_111\jre\lib\plugin.jar;C:\Program Files\Java\jdk1.8.0_111\jre\lib\resources.jar;C:\Program Files\Java\jdk1.8.0_111\jre\lib\rt.jar;E:\IntelligProjects\kafka\target\classes;C:\Users\Mohamed\.m2\repository\org\springframework\boot\spring-boot-starter-web\2.7.0\spring-boot-starter-web-2.7.0.jar;C:\Users\Mohamed\.m2\repository\org\springframework\boot\spring-boot-starter\2.7.0\spring-boot-starter-2.7.0.jar;C:\Users\Mohamed\.m2\repository\org\springframework\boot\spring-boot-starter-logging\2.7.0\spring-boot-starter-logging-2.7.0.jar;C:\Users\Mohamed\.m2\repository\ch\qos\logback\logback-classic\1.2.11\logback-classic-1.2.11.jar;C:\Users\Mohamed\.m2\repository\ch\qos\logback\logback-core\1.2.11\logback-core-1.2.11.jar;C:\Users\Mohamed\.m2\repository\org\apache\logging\log4j\
Launcher Type: SUN_STANDARD

Environment Variables:
JAVA_HOME=C:\Program Files\Java\jdk1.8.0_111
USERNAME=Mohamed
OS=Windows_NT
PROCESSOR_IDENTIFIER=Intel64 Family 6 Model 69 Stepping 1, GenuineIntel



---------------  S Y S T E M  ---------------

OS: Windows 10.0 , 64 bit Build 19041 (10.0.19041.1706)

CPU:total 4 (2 cores per cpu, 2 threads per core) family 6 model 69 stepping 1, cmov, cx8, fxsr, mmx, sse, sse2, sse3, ssse3, sse4.1, sse4.2, popcnt, avx, avx2, aes, clmul, erms, lzcnt, ht, tsc, tscinvbit, bmi1, bmi2

Memory: 4k page, physical 8283244k(316928k free), swap 24578412k(3288k free)

vm_info: Java HotSpot(TM) 64-Bit Server VM (25.111-b14) for windows-amd64 JRE (1.8.0_111-b14), built on Sep 22 2016 19:24:05 by "java_re" with MS VC++ 10.0 (VS2010)

time: Mon Jun 06 16:40:39 2022
elapsed time: 287 seconds (0d 0h 4m 47s)

